<?xml version="1.0" encoding="UTF-8"?>
<testng-results ignored="0" total="4" passed="4" failed="0" skipped="0">
  <reporter-output>
  </reporter-output>
  <suite started-at="2023-10-13T11:17:10 IST" name="Default suite" finished-at="2023-10-13T11:18:16 IST" duration-ms="65928">
    <groups>
    </groups>
    <test started-at="2023-10-13T11:17:10 IST" name="Default test" finished-at="2023-10-13T11:18:16 IST" duration-ms="65928">
      <class name="com.amazonlogin.AmazonLoginTest">
        <test-method is-config="true" signature="setup()[pri:0, instance:com.amazonlogin.AmazonLoginTest@c88a337]" started-at="2023-10-13T11:17:10 IST" name="setup" finished-at="2023-10-13T11:17:10 IST" duration-ms="95" status="PASS">
          <reporter-output>
          </reporter-output>
        </test-method> <!-- setup -->
        <test-method signature="loginTest(java.lang.String,java.lang.String)[pri:0, instance:com.amazonlogin.AmazonLoginTest@c88a337]" started-at="2023-10-13T11:17:10 IST" name="loginTest" data-provider="loginData" finished-at="2023-10-13T11:17:27 IST" duration-ms="17111" status="PASS">
          <params>
            <param index="0">
              <value>
                <![CDATA[fasi.knl@gmail.com]]>
              </value>
            </param>
            <param index="1">
              <value>
                <![CDATA[Fasilshaik@1]]>
              </value>
            </param>
          </params>
          <reporter-output>
          </reporter-output>
        </test-method> <!-- loginTest -->
        <test-method signature="loginTest(java.lang.String,java.lang.String)[pri:0, instance:com.amazonlogin.AmazonLoginTest@c88a337]" started-at="2023-10-13T11:17:27 IST" name="loginTest" data-provider="loginData" finished-at="2023-10-13T11:17:45 IST" duration-ms="17633" status="PASS">
          <params>
            <param index="0">
              <value>
                <![CDATA[alluarjun@gmail.com]]>
              </value>
            </param>
            <param index="1">
              <value>
                <![CDATA[sjjsjjs]]>
              </value>
            </param>
          </params>
          <reporter-output>
          </reporter-output>
        </test-method> <!-- loginTest -->
        <test-method signature="loginTest(java.lang.String,java.lang.String)[pri:0, instance:com.amazonlogin.AmazonLoginTest@c88a337]" started-at="2023-10-13T11:17:45 IST" name="loginTest" data-provider="loginData" finished-at="2023-10-13T11:18:00 IST" duration-ms="15467" status="PASS">
          <params>
            <param index="0">
              <value>
                <![CDATA[prabhas@gmail.com]]>
              </value>
            </param>
            <param index="1">
              <value>
                <![CDATA[bsbsjs]]>
              </value>
            </param>
          </params>
          <reporter-output>
          </reporter-output>
        </test-method> <!-- loginTest -->
        <test-method signature="loginTest(java.lang.String,java.lang.String)[pri:0, instance:com.amazonlogin.AmazonLoginTest@c88a337]" started-at="2023-10-13T11:18:00 IST" name="loginTest" data-provider="loginData" finished-at="2023-10-13T11:18:16 IST" duration-ms="15144" status="PASS">
          <params>
            <param index="0">
              <value>
                <![CDATA[pawan@gmail.com]]>
              </value>
            </param>
            <param index="1">
              <value>
                <![CDATA[snnsssssssssss]]>
              </value>
            </param>
          </params>
          <reporter-output>
          </reporter-output>
        </test-method> <!-- loginTest -->
        <test-method is-config="true" signature="tearDown()[pri:0, instance:com.amazonlogin.AmazonLoginTest@c88a337]" started-at="2023-10-13T11:18:16 IST" name="tearDown" finished-at="2023-10-13T11:18:16 IST" duration-ms="160" status="PASS">
          <reporter-output>
          </reporter-output>
        </test-method> <!-- tearDown -->
      </class> <!-- com.amazonlogin.AmazonLoginTest -->
    </test> <!-- Default test -->
  </suite> <!-- Default suite -->
</testng-results>
