<?xml version="1.0" encoding="UTF-8"?>
<testng-results ignored="0" total="1" passed="1" failed="0" skipped="0">
  <reporter-output>
  </reporter-output>
  <suite started-at="2023-10-10T15:20:29 IST" name="Default suite" finished-at="2023-10-10T15:20:30 IST" duration-ms="1038">
    <groups>
    </groups>
    <test started-at="2023-10-10T15:20:29 IST" name="Default test" finished-at="2023-10-10T15:20:30 IST" duration-ms="1038">
      <class name="com.restassured.User.UserContactNumberByContactId">
        <test-method signature="UserRelated()[pri:0, instance:com.restassured.User.UserContactNumberByContactId@2df9b86]" started-at="2023-10-10T15:20:29 IST" name="UserRelated" finished-at="2023-10-10T15:20:30 IST" duration-ms="1014" status="PASS">
          <reporter-output>
          </reporter-output>
        </test-method> <!-- UserRelated -->
      </class> <!-- com.restassured.User.UserContactNumberByContactId -->
    </test> <!-- Default test -->
  </suite> <!-- Default suite -->
</testng-results>
