<?xml version="1.0" encoding="UTF-8"?>
<testng-results ignored="0" total="1" passed="1" failed="0" skipped="0">
  <reporter-output>
  </reporter-output>
  <suite started-at="2023-10-17T18:26:24 IST" name="Default suite" finished-at="2023-10-17T18:27:32 IST" duration-ms="68067">
    <groups>
    </groups>
    <test started-at="2023-10-17T18:26:24 IST" name="Default test" finished-at="2023-10-17T18:27:32 IST" duration-ms="68067">
      <class name="cucumberpackage.BuyProduct">
        <test-method is-config="true" signature="setUp()[pri:0, instance:cucumberpackage.BuyProduct@27f981c6]" started-at="2023-10-17T18:26:24 IST" name="setUp" finished-at="2023-10-17T18:26:27 IST" duration-ms="2994" status="PASS">
          <reporter-output>
          </reporter-output>
        </test-method> <!-- setUp -->
        <test-method signature="f()[pri:1, instance:cucumberpackage.BuyProduct@27f981c6]" started-at="2023-10-17T18:26:27 IST" name="f" finished-at="2023-10-17T18:27:32 IST" duration-ms="65026" status="PASS">
          <reporter-output>
          </reporter-output>
        </test-method> <!-- f -->
        <test-method is-config="true" signature="tearDown()[pri:0, instance:cucumberpackage.BuyProduct@27f981c6]" started-at="2023-10-17T18:27:32 IST" name="tearDown" finished-at="2023-10-17T18:27:32 IST" duration-ms="14" status="PASS">
          <reporter-output>
          </reporter-output>
        </test-method> <!-- tearDown -->
      </class> <!-- cucumberpackage.BuyProduct -->
    </test> <!-- Default test -->
  </suite> <!-- Default suite -->
</testng-results>
